0 info it worked if it ends with ok
1 verbose cli [ '/home/ubuntu/.nvm/v0.10.33/bin/node',
1 verbose cli   '/home/ubuntu/.nvm/v0.10.33/bin/npm',
1 verbose cli   'install' ]
2 info using npm@1.4.28
3 info using node@v0.10.33
4 verbose readDependencies using package.json deps
5 verbose install where, deps [ '/home/ubuntu/workspace',
5 verbose install   [ 'cookie-parser',
5 verbose install     'cryptojs',
5 verbose install     'express',
5 verbose install     'mysql',
5 verbose install     'sequelize',
5 verbose install     'sequelize-cli',
5 verbose install     'body-parser',
5 verbose install     'less',
5 verbose install     'grunt',
5 verbose install     'marionette' ] ]
6 info preinstall C2Si-bluefeather@0.3.1
7 verbose readDependencies using package.json deps
8 verbose already installed skipping express@>4.0.0 /home/ubuntu/workspace
9 verbose already installed skipping mysql@^2.5.4 /home/ubuntu/workspace
10 verbose already installed skipping sequelize@^2.0.0-rc1 /home/ubuntu/workspace
11 verbose already installed skipping sequelize-cli@^0.3.0 /home/ubuntu/workspace
12 verbose already installed skipping body-parser@>1.0.0 /home/ubuntu/workspace
13 verbose already installed skipping less@>2.0.0 /home/ubuntu/workspace
14 verbose already installed skipping grunt@>=0.4.5 /home/ubuntu/workspace
15 verbose cache add [ 'marionette@>=2.0.0', null ]
16 verbose cache add name=undefined spec="marionette@>=2.0.0" args=["marionette@>=2.0.0",null]
17 verbose parsed url { protocol: null,
17 verbose parsed url   slashes: null,
17 verbose parsed url   auth: null,
17 verbose parsed url   host: null,
17 verbose parsed url   port: null,
17 verbose parsed url   hostname: null,
17 verbose parsed url   hash: null,
17 verbose parsed url   search: null,
17 verbose parsed url   query: null,
17 verbose parsed url   pathname: 'marionette@%3E=2.0.0',
17 verbose parsed url   path: 'marionette@%3E=2.0.0',
17 verbose parsed url   href: 'marionette@%3E=2.0.0' }
18 verbose already installed skipping cookie-parser@~1.3.3 /home/ubuntu/workspace
19 verbose already installed skipping cryptojs@>2.5.0 /home/ubuntu/workspace
20 verbose cache add name="marionette" spec=">=2.0.0" args=["marionette",">=2.0.0"]
21 verbose parsed url { protocol: null,
21 verbose parsed url   slashes: null,
21 verbose parsed url   auth: null,
21 verbose parsed url   host: null,
21 verbose parsed url   port: null,
21 verbose parsed url   hostname: null,
21 verbose parsed url   hash: null,
21 verbose parsed url   search: null,
21 verbose parsed url   query: null,
21 verbose parsed url   pathname: '%3E=2.0.0',
21 verbose parsed url   path: '%3E=2.0.0',
21 verbose parsed url   href: '%3E=2.0.0' }
22 verbose addNamed [ 'marionette', '>=2.0.0' ]
23 verbose addNamed [ null, '>=2.0.0' ]
24 silly lockFile e7ddc48d-marionette-2-0-0 marionette@>=2.0.0
25 verbose lock marionette@>=2.0.0 /home/ubuntu/.npm/e7ddc48d-marionette-2-0-0.lock
26 silly addNameRange { name: 'marionette', range: '>=2.0.0', hasData: false }
27 verbose request where is /marionette
28 verbose request registry https://registry.npmjs.org/
29 verbose request id 1f216f9e7b33b527
30 verbose url raw /marionette
31 verbose url resolving [ 'https://registry.npmjs.org/', './marionette' ]
32 verbose url resolved https://registry.npmjs.org/marionette
33 verbose request where is https://registry.npmjs.org/marionette
34 info trying registry request attempt 1 at 00:43:32
35 verbose etag "8ZT2NF2AN0LUPH3P3FIJ7NDAL"
36 http GET https://registry.npmjs.org/marionette
37 http 304 https://registry.npmjs.org/marionette
38 silly registry.get cb [ 304,
38 silly registry.get   { date: 'Fri, 17 Apr 2015 00:43:32 GMT',
38 silly registry.get     server: 'Apache',
38 silly registry.get     via: '1.1 varnish',
38 silly registry.get     'last-modified': 'Fri, 17 Apr 2015 00:43:32 GMT',
38 silly registry.get     'cache-control': 'max-age=60',
38 silly registry.get     etag: '"8ZT2NF2AN0LUPH3P3FIJ7NDAL"',
38 silly registry.get     age: '0',
38 silly registry.get     'x-served-by': 'cache-dfw1829-DFW',
38 silly registry.get     'x-cache': 'MISS',
38 silly registry.get     'x-cache-hits': '0',
38 silly registry.get     'x-timer': 'S1429231412.285559,VS0,VE52',
38 silly registry.get     vary: 'Accept',
38 silly registry.get     'content-length': '0',
38 silly registry.get     'keep-alive': 'timeout=10, max=50',
38 silly registry.get     connection: 'Keep-Alive' } ]
39 verbose etag https://registry.npmjs.org/marionette from cache
40 silly addNameRange number 2 { name: 'marionette', range: '>=2.0.0', hasData: true }
41 silly addNameRange versions [ 'marionette', [ '0.0.0' ] ]
42 silly lockFile e7ddc48d-marionette-2-0-0 marionette@>=2.0.0
43 silly lockFile e7ddc48d-marionette-2-0-0 marionette@>=2.0.0
44 error notarget No compatible version found: marionette@'>=2.0.0'
44 error notarget Valid install targets:
44 error notarget ["0.0.0"]
44 error notarget
44 error notarget This is most likely not a problem with npm itself.
44 error notarget In most cases you or one of your dependencies are requesting
44 error notarget a package version that doesn't exist.
45 error System Linux 3.14.13-c9
46 error command "/home/ubuntu/.nvm/v0.10.33/bin/node" "/home/ubuntu/.nvm/v0.10.33/bin/npm" "install"
47 error cwd /home/ubuntu/workspace
48 error node -v v0.10.33
49 error npm -v 1.4.28
50 error code ETARGET
51 verbose exit [ 1, true ]
